<?xml version="1.0" encoding="UTF-8"?>
<!-- Generated by org.testng.reporters.JUnitReportReporter -->
<testsuite hostname="DESKTOP-DJ4FDME" failures="0" tests="1" name="org.xyz.auto.fb.FetchData" time="4.400" errors="0" timestamp="2025-08-12T08:22:30 IST" skipped="0">
  <testcase classname="org.xyz.auto.fb.FetchData" name="launchbrowser" time="4.400"/>
</testsuite> <!-- org.xyz.auto.fb.FetchData -->
