<?xml version="1.0" encoding="UTF-8"?>
<!-- Generated by org.testng.reporters.JUnitReportReporter -->
<testsuite hostname="DESKTOP-DJ4FDME" failures="0" tests="1" name="org.wipro.auto.fb.basepkg.BaseTest" time="4.559" errors="0" timestamp="2025-08-19T08:15:34 IST" skipped="0">
  <testcase classname="org.wipro.auto.fb.basepkg.BaseTest" name="initiateBrowser" time="4.559"/>
</testsuite> <!-- org.wipro.auto.fb.basepkg.BaseTest -->
