<?xml version="1.0" encoding="UTF-8"?>
<!-- Generated by org.testng.reporters.JUnitReportReporter -->
<testsuite hostname="DESKTOP-DJ4FDME" failures="0" tests="3" name="org.wipro.auto.fb.testcases.LoginScenario_DDF" time="13.619" errors="0" timestamp="2025-08-20T08:17:30 IST" skipped="0">
  <testcase classname="org.wipro.auto.fb.testcases.LoginScenario_DDF" name="tc01_login_func_valid_credentials" time="4.265"/>
  <testcase classname="org.wipro.auto.fb.testcases.LoginScenario_DDF" name="tc01_login_func_valid_credentials" time="4.033"/>
  <testcase classname="org.wipro.auto.fb.testcases.LoginScenario_DDF" name="tc01_login_func_valid_credentials" time="5.321"/>
</testsuite> <!-- org.wipro.auto.fb.testcases.LoginScenario_DDF -->
