<?xml version="1.0" encoding="UTF-8"?>
<!-- Generated by org.testng.reporters.JUnitReportReporter -->
<testsuite hostname="DESKTOP-DJ4FDME" failures="0" tests="2" name="org.wipro.auto.fb.testcases.SignupScenario_DDF" time="12.175" errors="0" timestamp="2025-08-21T07:56:16 IST" skipped="0">
  <testcase classname="org.wipro.auto.fb.testcases.SignupScenario_DDF" name="tc02_signup_func_valid_data" time="6.691"/>
  <testcase classname="org.wipro.auto.fb.testcases.SignupScenario_DDF" name="tc02_signup_func_valid_data" time="5.484"/>
</testsuite> <!-- org.wipro.auto.fb.testcases.SignupScenario_DDF -->
