<?xml version="1.0" encoding="UTF-8"?>
<!-- Generated by org.testng.reporters.JUnitReportReporter -->
<testsuite hostname="DESKTOP-DJ4FDME" failures="0" tests="6" name="testngDemo.TestScenario7" time="0.019" errors="0" timestamp="2025-08-15T08:11:27 IST" skipped="0">
  <testcase classname="testngDemo.TestScenario7" name="first_testcase" time="0.002"/>
  <testcase classname="testngDemo.TestScenario7" name="second_testcase" time="0.009"/>
  <testcase classname="testngDemo.TestScenario7" name="forth_testcase" time="0.002"/>
  <testcase classname="testngDemo.TestScenario7" name="sixth_testcase" time="0.002"/>
  <testcase classname="testngDemo.TestScenario7" name="third_testcase" time="0.002"/>
  <testcase classname="testngDemo.TestScenario7" name="fifth_testcase" time="0.002"/>
</testsuite> <!-- testngDemo.TestScenario7 -->
