<?xml version="1.0" encoding="UTF-8"?>
<!-- Generated by org.testng.reporters.JUnitReportReporter -->
<testsuite hostname="DESKTOP-DJ4FDME" failures="0" tests="6" name="testngDemo.TestScenario8" time="0.051" errors="0" timestamp="2025-08-15T08:11:27 IST" skipped="0">
  <testcase classname="testngDemo.TestScenario8" name="first_testcase" time="0.005"/>
  <testcase classname="testngDemo.TestScenario8" name="fifth_testcase" time="0.025"/>
  <testcase classname="testngDemo.TestScenario8" name="third_testcase" time="0.005"/>
  <testcase classname="testngDemo.TestScenario8" name="forth_testcase" time="0.003"/>
  <testcase classname="testngDemo.TestScenario8" name="sixth_testcase" time="0.009"/>
  <testcase classname="testngDemo.TestScenario8" name="second_testcase" time="0.004"/>
</testsuite> <!-- testngDemo.TestScenario8 -->
