<?xml version="1.0" encoding="UTF-8"?>
<!-- Generated by org.testng.reporters.JUnitReportReporter -->
<testsuite hostname="DESKTOP-DJ4FDME" failures="0" tests="1" name="org.wipro.auto.fb.testcases.LoginScenario" time="5.656" errors="0" timestamp="2025-08-20T07:58:44 IST" skipped="0">
  <testcase classname="org.wipro.auto.fb.testcases.LoginScenario" name="tc01_login_func_valid_credentials" time="5.656"/>
</testsuite> <!-- org.wipro.auto.fb.testcases.LoginScenario -->
