<?xml version="1.0" encoding="UTF-8"?>
<!-- Generated by org.testng.reporters.JUnitReportReporter -->
<testsuite hostname="DESKTOP-DJ4FDME" failures="0" tests="6" name="testngDemo.TestScenario3" time="0.014" errors="0" timestamp="2025-08-15T08:11:27 IST" skipped="0">
  <testcase classname="testngDemo.TestScenario3" name="fifth_testcase" time="0.001"/>
  <testcase classname="testngDemo.TestScenario3" name="second_testcase" time="0.003"/>
  <testcase classname="testngDemo.TestScenario3" name="sixth_testcase" time="0.001"/>
  <testcase classname="testngDemo.TestScenario3" name="first_testcase" time="0.002"/>
  <testcase classname="testngDemo.TestScenario3" name="third_testcase" time="0.004"/>
  <testcase classname="testngDemo.TestScenario3" name="forth_testcase" time="0.003"/>
</testsuite> <!-- testngDemo.TestScenario3 -->
