<?xml version="1.0" encoding="UTF-8"?>
<!-- Generated by org.testng.reporters.JUnitReportReporter -->
<testsuite hostname="DESKTOP-DJ4FDME" failures="0" tests="4" name="org.xyz.auto.fb.HandleKBMouseWindows" time="48.517" errors="0" timestamp="2025-08-15T08:11:27 IST" skipped="2">
  <testcase classname="org.xyz.auto.fb.HandleKBMouseWindows" name="handleFrmaes" time="10.092"/>
  <testcase classname="org.xyz.auto.fb.HandleKBMouseWindows" name="handleAlerts" time="38.425"/>
  <testcase classname="org.xyz.auto.fb.HandleKBMouseWindows" name="handleMouse">
    <skipped/>
  </testcase> <!-- handleMouse -->
  <testcase classname="org.xyz.auto.fb.HandleKBMouseWindows" name="handleKeyboard">
    <skipped/>
  </testcase> <!-- handleKeyboard -->
</testsuite> <!-- org.xyz.auto.fb.HandleKBMouseWindows -->
